<?xml version="1.0" encoding="UTF-8"?>
<!-- Generated by org.testng.reporters.JUnitReportReporter -->
<testsuite hostname="Shweta" failures="0" tests="2" name="Testing.TestNGClass" time="0.017" errors="0" timestamp="2023-03-13T21:04:40 IST" skipped="0">
  <testcase classname="Testing.TestNGClass" name="test1" time="0.011"/>
  <system-out/>
  <testcase classname="Testing.TestNGClass" name="test2" time="0.006"/>
  <system-out/>
</testsuite> <!-- Testing.TestNGClass -->
