<?xml version="1.0" encoding="UTF-8"?>
<!-- Generated by org.testng.reporters.JUnitReportReporter -->
<testsuite hostname="Shweta" failures="0" tests="2" name="Testing.YoutubeTesting" time="21.927" errors="0" timestamp="2023-03-15T14:35:28 IST" skipped="0">
  <testcase classname="Testing.YoutubeTesting" name="to_verify_search_tab" time="14.723"/>
  <system-out/>
  <testcase classname="Testing.YoutubeTesting" name="to_verify_play_reels" time="7.204"/>
  <system-out/>
</testsuite> <!-- Testing.YoutubeTesting -->
